0 verbose cli /opt/homebrew/Cellar/node/23.6.0/bin/node /opt/homebrew/bin/npm
1 info using npm@10.9.2
2 info using node@v23.6.0
3 silly config load:file:/opt/homebrew/lib/node_modules/npm/npmrc
4 silly config load:file:/Users/mingqiii/Documents/coolProjects/DavidFuBetting/web/.npmrc
5 silly config load:file:/Users/mingqiii/.npmrc
6 silly config load:file:/opt/homebrew/etc/npmrc
7 verbose title npm install better-sqlite3 zod
8 verbose argv "install" "better-sqlite3" "zod"
9 verbose logfile logs-max:10 dir:/Users/mingqiii/Documents/coolProjects/DavidFuBetting/web/.npm-cache/_logs/2025-11-09T21_37_00_747Z-
10 verbose logfile /Users/mingqiii/Documents/coolProjects/DavidFuBetting/web/.npm-cache/_logs/2025-11-09T21_37_00_747Z-debug-0.log
11 silly logfile done cleaning log files
12 silly packumentCache heap:2197815296 maxSize:549453824 maxEntrySize:274726912
13 silly idealTree buildDeps
14 silly fetch manifest better-sqlite3@*
15 silly packumentCache full:https://registry.npmjs.org/better-sqlite3 cache-miss
16 http fetch GET 200 https://registry.npmjs.org/better-sqlite3 169ms (cache miss)
17 silly packumentCache full:https://registry.npmjs.org/better-sqlite3 set size:undefined disposed:false
18 silly fetch manifest zod@*
19 silly packumentCache full:https://registry.npmjs.org/zod cache-miss
20 http cache https://registry.npmjs.org/zod 15ms (cache hit)
21 silly packumentCache full:https://registry.npmjs.org/zod set size:3212546 disposed:false
22 silly placeDep ROOT better-sqlite3@12.4.1 OK for: web@0.1.0 want: *
23 silly placeDep ROOT zod@4.1.12 REPLACE for: web@0.1.0 want: *
24 silly fetch manifest bindings@^1.5.0
25 silly packumentCache full:https://registry.npmjs.org/bindings cache-miss
26 silly fetch manifest prebuild-install@^7.1.1
27 silly packumentCache full:https://registry.npmjs.org/prebuild-install cache-miss
28 http fetch GET 200 https://registry.npmjs.org/bindings 48ms (cache miss)
29 silly packumentCache full:https://registry.npmjs.org/bindings set size:undefined disposed:false
30 http fetch GET 200 https://registry.npmjs.org/prebuild-install 102ms (cache miss)
31 silly packumentCache full:https://registry.npmjs.org/prebuild-install set size:undefined disposed:false
32 silly placeDep ROOT bindings@1.5.0 OK for: better-sqlite3@12.4.1 want: ^1.5.0
33 silly placeDep ROOT prebuild-install@7.1.3 OK for: better-sqlite3@12.4.1 want: ^7.1.1
34 silly fetch manifest file-uri-to-path@1.0.0
35 silly packumentCache full:https://registry.npmjs.org/file-uri-to-path cache-miss
36 silly fetch manifest expand-template@^2.0.3
37 silly packumentCache full:https://registry.npmjs.org/expand-template cache-miss
38 silly fetch manifest github-from-package@0.0.0
39 silly packumentCache full:https://registry.npmjs.org/github-from-package cache-miss
40 silly fetch manifest mkdirp-classic@^0.5.3
41 silly packumentCache full:https://registry.npmjs.org/mkdirp-classic cache-miss
42 silly fetch manifest napi-build-utils@^2.0.0
43 silly packumentCache full:https://registry.npmjs.org/napi-build-utils cache-miss
44 silly fetch manifest node-abi@^3.3.0
45 silly packumentCache full:https://registry.npmjs.org/node-abi cache-miss
46 silly fetch manifest pump@^3.0.0
47 silly packumentCache full:https://registry.npmjs.org/pump cache-miss
48 http fetch GET 200 https://registry.npmjs.org/file-uri-to-path 48ms (cache miss)
49 silly packumentCache full:https://registry.npmjs.org/file-uri-to-path set size:undefined disposed:false
50 silly fetch manifest rc@^1.2.7
51 silly packumentCache full:https://registry.npmjs.org/rc cache-miss
52 http fetch GET 200 https://registry.npmjs.org/expand-template 56ms (cache miss)
53 silly packumentCache full:https://registry.npmjs.org/expand-template set size:undefined disposed:false
54 silly fetch manifest simple-get@^4.0.0
55 silly packumentCache full:https://registry.npmjs.org/simple-get cache-miss
56 http fetch GET 200 https://registry.npmjs.org/mkdirp-classic 96ms (cache miss)
57 silly packumentCache full:https://registry.npmjs.org/mkdirp-classic set size:undefined disposed:false
58 silly fetch manifest tar-fs@^2.0.0
59 silly packumentCache full:https://registry.npmjs.org/tar-fs cache-miss
60 http fetch GET 200 https://registry.npmjs.org/rc 54ms (cache miss)
61 silly packumentCache full:https://registry.npmjs.org/rc set size:undefined disposed:false
62 silly fetch manifest tunnel-agent@^0.6.0
63 silly packumentCache full:https://registry.npmjs.org/tunnel-agent cache-miss
64 http fetch GET 200 https://registry.npmjs.org/github-from-package 106ms (cache miss)
65 silly packumentCache full:https://registry.npmjs.org/github-from-package set size:undefined disposed:false
66 http fetch GET 200 https://registry.npmjs.org/simple-get 53ms (cache miss)
67 silly packumentCache full:https://registry.npmjs.org/simple-get set size:undefined disposed:false
68 http fetch GET 200 https://registry.npmjs.org/node-abi 112ms (cache miss)
69 silly packumentCache full:https://registry.npmjs.org/node-abi set size:undefined disposed:false
70 http fetch GET 200 https://registry.npmjs.org/napi-build-utils 120ms (cache miss)
71 silly packumentCache full:https://registry.npmjs.org/napi-build-utils set size:undefined disposed:false
72 http fetch GET 200 https://registry.npmjs.org/pump 136ms (cache miss)
73 silly packumentCache full:https://registry.npmjs.org/pump set size:undefined disposed:false
74 http fetch GET 200 https://registry.npmjs.org/tar-fs 41ms (cache miss)
75 silly packumentCache full:https://registry.npmjs.org/tar-fs set size:undefined disposed:false
76 http fetch GET 200 https://registry.npmjs.org/tunnel-agent 38ms (cache miss)
77 silly packumentCache full:https://registry.npmjs.org/tunnel-agent set size:undefined disposed:false
78 silly placeDep ROOT file-uri-to-path@1.0.0 OK for: bindings@1.5.0 want: 1.0.0
79 silly placeDep ROOT expand-template@2.0.3 OK for: prebuild-install@7.1.3 want: ^2.0.3
80 silly placeDep ROOT github-from-package@0.0.0 OK for: prebuild-install@7.1.3 want: 0.0.0
81 silly placeDep ROOT mkdirp-classic@0.5.3 OK for: prebuild-install@7.1.3 want: ^0.5.3
82 silly placeDep ROOT napi-build-utils@2.0.0 OK for: prebuild-install@7.1.3 want: ^2.0.0
83 silly placeDep ROOT node-abi@3.80.0 OK for: prebuild-install@7.1.3 want: ^3.3.0
84 silly placeDep ROOT pump@3.0.3 OK for: prebuild-install@7.1.3 want: ^3.0.0
85 silly placeDep ROOT rc@1.2.8 OK for: prebuild-install@7.1.3 want: ^1.2.7
86 silly placeDep ROOT simple-get@4.0.1 OK for: prebuild-install@7.1.3 want: ^4.0.0
87 silly placeDep ROOT tar-fs@2.1.4 OK for: prebuild-install@7.1.3 want: ^2.0.0
88 silly placeDep ROOT tunnel-agent@0.6.0 OK for: prebuild-install@7.1.3 want: ^0.6.0
89 silly fetch manifest semver@^7.3.5
90 silly packumentCache full:https://registry.npmjs.org/semver cache-miss
91 silly fetch manifest end-of-stream@^1.1.0
92 silly packumentCache full:https://registry.npmjs.org/end-of-stream cache-miss
93 silly fetch manifest once@^1.3.1
94 silly packumentCache full:https://registry.npmjs.org/once cache-miss
95 silly fetch manifest ini@~1.3.0
96 silly packumentCache full:https://registry.npmjs.org/ini cache-miss
97 silly fetch manifest deep-extend@^0.6.0
98 silly packumentCache full:https://registry.npmjs.org/deep-extend cache-miss
99 silly fetch manifest strip-json-comments@~2.0.1
100 silly packumentCache full:https://registry.npmjs.org/strip-json-comments cache-miss
101 silly fetch manifest decompress-response@^6.0.0
102 silly packumentCache full:https://registry.npmjs.org/decompress-response cache-miss
103 http cache https://registry.npmjs.org/semver 7ms (cache hit)
104 silly packumentCache full:https://registry.npmjs.org/semver set size:226907 disposed:false
105 silly fetch manifest once@^1.3.1
106 silly packumentCache full:https://registry.npmjs.org/once cache-miss
107 http cache https://registry.npmjs.org/strip-json-comments 9ms (cache hit)
108 silly packumentCache full:https://registry.npmjs.org/strip-json-comments set size:43569 disposed:false
109 silly fetch manifest simple-concat@^1.0.0
110 silly packumentCache full:https://registry.npmjs.org/simple-concat cache-miss
111 http fetch GET 200 https://registry.npmjs.org/once 51ms (cache miss)
112 silly packumentCache full:https://registry.npmjs.org/once set size:undefined disposed:false
113 silly fetch manifest chownr@^1.1.1
114 silly packumentCache full:https://registry.npmjs.org/chownr cache-miss
115 http fetch GET 200 https://registry.npmjs.org/end-of-stream 52ms (cache miss)
116 silly packumentCache full:https://registry.npmjs.org/end-of-stream set size:undefined disposed:false
117 silly fetch manifest tar-stream@^2.1.4
118 silly packumentCache full:https://registry.npmjs.org/tar-stream cache-miss
119 http fetch GET 200 https://registry.npmjs.org/ini 53ms (cache miss)
120 silly packumentCache full:https://registry.npmjs.org/ini set size:undefined disposed:false
121 silly fetch manifest safe-buffer@^5.0.1
122 silly packumentCache full:https://registry.npmjs.org/safe-buffer cache-miss
123 http fetch GET 200 https://registry.npmjs.org/once 45ms (cache miss)
124 silly packumentCache full:https://registry.npmjs.org/once set size:undefined disposed:false
125 http fetch GET 200 https://registry.npmjs.org/deep-extend 56ms (cache miss)
126 silly packumentCache full:https://registry.npmjs.org/deep-extend set size:undefined disposed:false
127 http fetch GET 200 https://registry.npmjs.org/decompress-response 57ms (cache miss)
128 silly packumentCache full:https://registry.npmjs.org/decompress-response set size:undefined disposed:false
129 http fetch GET 200 https://registry.npmjs.org/simple-concat 48ms (cache miss)
130 silly packumentCache full:https://registry.npmjs.org/simple-concat set size:undefined disposed:false
131 http fetch GET 200 https://registry.npmjs.org/chownr 45ms (cache miss)
132 silly packumentCache full:https://registry.npmjs.org/chownr set size:undefined disposed:false
133 http fetch GET 200 https://registry.npmjs.org/tar-stream 45ms (cache miss)
134 silly packumentCache full:https://registry.npmjs.org/tar-stream set size:undefined disposed:false
135 http fetch GET 200 https://registry.npmjs.org/safe-buffer 47ms (cache miss)
136 silly packumentCache full:https://registry.npmjs.org/safe-buffer set size:undefined disposed:false
137 silly placeDep node_modules/node-abi semver@7.7.3 OK for: node-abi@3.80.0 want: ^7.3.5
138 silly placeDep ROOT end-of-stream@1.4.5 OK for: pump@3.0.3 want: ^1.1.0
139 silly placeDep ROOT once@1.4.0 OK for: pump@3.0.3 want: ^1.3.1
140 silly fetch manifest once@^1.4.0
141 silly packumentCache full:https://registry.npmjs.org/once cache-miss
142 silly fetch manifest wrappy@1
143 silly packumentCache full:https://registry.npmjs.org/wrappy cache-miss
144 http cache https://registry.npmjs.org/once 2ms (cache hit)
145 silly packumentCache full:https://registry.npmjs.org/once set size:11768 disposed:false
146 http fetch GET 200 https://registry.npmjs.org/wrappy 59ms (cache miss)
147 silly packumentCache full:https://registry.npmjs.org/wrappy set size:undefined disposed:false
148 silly placeDep ROOT wrappy@1.0.2 OK for: once@1.4.0 want: 1
149 silly placeDep ROOT deep-extend@0.6.0 OK for: rc@1.2.8 want: ^0.6.0
150 silly placeDep ROOT ini@1.3.8 OK for: rc@1.2.8 want: ~1.3.0
151 silly placeDep node_modules/rc strip-json-comments@2.0.1 OK for: rc@1.2.8 want: ~2.0.1
152 silly placeDep ROOT decompress-response@6.0.0 OK for: simple-get@4.0.1 want: ^6.0.0
153 silly placeDep ROOT simple-concat@1.0.1 OK for: simple-get@4.0.1 want: ^1.0.0
154 silly fetch manifest mimic-response@^3.1.0
155 silly packumentCache full:https://registry.npmjs.org/mimic-response cache-miss
156 http fetch GET 200 https://registry.npmjs.org/mimic-response 79ms (cache miss)
157 silly packumentCache full:https://registry.npmjs.org/mimic-response set size:undefined disposed:false
158 silly placeDep ROOT mimic-response@3.1.0 OK for: decompress-response@6.0.0 want: ^3.1.0
159 silly placeDep ROOT chownr@1.1.4 OK for: tar-fs@2.1.4 want: ^1.1.1
160 silly placeDep ROOT tar-stream@2.2.0 OK for: tar-fs@2.1.4 want: ^2.1.4
161 silly fetch manifest bl@^4.0.3
162 silly packumentCache full:https://registry.npmjs.org/bl cache-miss
163 silly fetch manifest inherits@^2.0.3
164 silly packumentCache full:https://registry.npmjs.org/inherits cache-miss
165 silly fetch manifest fs-constants@^1.0.0
166 silly packumentCache full:https://registry.npmjs.org/fs-constants cache-miss
167 silly fetch manifest readable-stream@^3.1.1
168 silly packumentCache full:https://registry.npmjs.org/readable-stream cache-miss
169 http fetch GET 200 https://registry.npmjs.org/fs-constants 37ms (cache miss)
170 silly packumentCache full:https://registry.npmjs.org/fs-constants set size:undefined disposed:false
171 http fetch GET 200 https://registry.npmjs.org/bl 53ms (cache miss)
172 silly packumentCache full:https://registry.npmjs.org/bl set size:undefined disposed:false
173 http fetch GET 200 https://registry.npmjs.org/readable-stream 63ms (cache miss)
174 silly packumentCache full:https://registry.npmjs.org/readable-stream set size:undefined disposed:false
175 http fetch GET 200 https://registry.npmjs.org/inherits 67ms (cache miss)
176 silly packumentCache full:https://registry.npmjs.org/inherits set size:undefined disposed:false
177 silly placeDep ROOT bl@4.1.0 OK for: tar-stream@2.2.0 want: ^4.0.3
178 silly placeDep ROOT fs-constants@1.0.0 OK for: tar-stream@2.2.0 want: ^1.0.0
179 silly placeDep ROOT inherits@2.0.4 OK for: tar-stream@2.2.0 want: ^2.0.3
180 silly placeDep ROOT readable-stream@3.6.2 OK for: tar-stream@2.2.0 want: ^3.1.1
181 silly fetch manifest buffer@^5.5.0
182 silly packumentCache full:https://registry.npmjs.org/buffer cache-miss
183 silly fetch manifest inherits@^2.0.4
184 silly packumentCache full:https://registry.npmjs.org/inherits cache-miss
185 silly fetch manifest readable-stream@^3.4.0
186 silly packumentCache full:https://registry.npmjs.org/readable-stream cache-miss
187 silly fetch manifest string_decoder@^1.1.1
188 silly packumentCache full:https://registry.npmjs.org/string_decoder cache-miss
189 silly fetch manifest util-deprecate@^1.0.1
190 silly packumentCache full:https://registry.npmjs.org/util-deprecate cache-miss
191 http cache https://registry.npmjs.org/inherits 3ms (cache hit)
192 silly packumentCache full:https://registry.npmjs.org/inherits set size:12925 disposed:false
193 http cache https://registry.npmjs.org/readable-stream 4ms (cache hit)
194 silly packumentCache full:https://registry.npmjs.org/readable-stream set size:261096 disposed:false
195 http fetch GET 200 https://registry.npmjs.org/util-deprecate 34ms (cache miss)
196 silly packumentCache full:https://registry.npmjs.org/util-deprecate set size:undefined disposed:false
197 http fetch GET 200 https://registry.npmjs.org/string_decoder 57ms (cache miss)
198 silly packumentCache full:https://registry.npmjs.org/string_decoder set size:undefined disposed:false
199 http fetch GET 200 https://registry.npmjs.org/buffer 74ms (cache miss)
200 silly packumentCache full:https://registry.npmjs.org/buffer set size:undefined disposed:false
201 silly placeDep ROOT buffer@5.7.1 OK for: bl@4.1.0 want: ^5.5.0
202 silly fetch manifest base64-js@^1.3.1
203 silly packumentCache full:https://registry.npmjs.org/base64-js cache-miss
204 silly fetch manifest ieee754@^1.1.13
205 silly packumentCache full:https://registry.npmjs.org/ieee754 cache-miss
206 http fetch GET 200 https://registry.npmjs.org/base64-js 39ms (cache miss)
207 silly packumentCache full:https://registry.npmjs.org/base64-js set size:undefined disposed:false
208 http fetch GET 200 https://registry.npmjs.org/ieee754 47ms (cache miss)
209 silly packumentCache full:https://registry.npmjs.org/ieee754 set size:undefined disposed:false
210 silly placeDep ROOT base64-js@1.5.1 OK for: buffer@5.7.1 want: ^1.3.1
211 silly placeDep ROOT ieee754@1.2.1 OK for: buffer@5.7.1 want: ^1.1.13
212 silly placeDep ROOT string_decoder@1.3.0 OK for: readable-stream@3.6.2 want: ^1.1.1
213 silly placeDep ROOT util-deprecate@1.0.2 OK for: readable-stream@3.6.2 want: ^1.0.1
214 silly fetch manifest safe-buffer@~5.2.0
215 silly packumentCache full:https://registry.npmjs.org/safe-buffer cache-miss
216 http cache https://registry.npmjs.org/safe-buffer 1ms (cache hit)
217 silly packumentCache full:https://registry.npmjs.org/safe-buffer set size:41183 disposed:false
218 silly placeDep ROOT safe-buffer@5.2.1 OK for: string_decoder@1.3.0 want: ~5.2.0
219 silly reify moves {}
220 verbose reify failed optional dependency /Users/mingqiii/Documents/coolProjects/DavidFuBetting/web/node_modules/@tailwindcss/oxide-wasm32-wasi
221 silly reify mark deleted [
221 silly reify   '/Users/mingqiii/Documents/coolProjects/DavidFuBetting/web/node_modules/@tailwindcss/oxide-wasm32-wasi'
221 silly reify ]
222 silly audit bulk request {
222 silly audit   '@alloc/quick-lru': [ '5.2.0' ],
222 silly audit   '@babel/code-frame': [ '7.27.1' ],
222 silly audit   '@babel/compat-data': [ '7.28.5' ],
222 silly audit   '@babel/core': [ '7.28.5' ],
222 silly audit   '@babel/generator': [ '7.28.5' ],
222 silly audit   '@babel/helper-compilation-targets': [ '7.27.2' ],
222 silly audit   '@babel/helper-globals': [ '7.28.0' ],
222 silly audit   '@babel/helper-module-imports': [ '7.27.1' ],
222 silly audit   '@babel/helper-module-transforms': [ '7.28.3' ],
222 silly audit   '@babel/helper-string-parser': [ '7.27.1' ],
222 silly audit   '@babel/helper-validator-identifier': [ '7.28.5' ],
222 silly audit   '@babel/helper-validator-option': [ '7.27.1' ],
222 silly audit   '@babel/helpers': [ '7.28.4' ],
222 silly audit   '@babel/parser': [ '7.28.5' ],
222 silly audit   '@babel/template': [ '7.27.2' ],
222 silly audit   '@babel/traverse': [ '7.28.5' ],
222 silly audit   '@babel/types': [ '7.28.5' ],
222 silly audit   '@emnapi/core': [ '1.7.0' ],
222 silly audit   '@emnapi/runtime': [ '1.7.0' ],
222 silly audit   '@emnapi/wasi-threads': [ '1.1.0' ],
222 silly audit   '@eslint-community/eslint-utils': [ '4.9.0' ],
222 silly audit   'eslint-visitor-keys': [ '3.4.3', '4.2.1' ],
222 silly audit   '@eslint-community/regexpp': [ '4.12.2' ],
222 silly audit   '@eslint/config-array': [ '0.21.1' ],
222 silly audit   '@eslint/config-helpers': [ '0.4.2' ],
222 silly audit   '@eslint/core': [ '0.17.0' ],
222 silly audit   '@eslint/eslintrc': [ '3.3.1' ],
222 silly audit   '@eslint/js': [ '9.39.1' ],
222 silly audit   '@eslint/object-schema': [ '2.1.7' ],
222 silly audit   '@eslint/plugin-kit': [ '0.4.1' ],
222 silly audit   '@humanfs/core': [ '0.19.1' ],
222 silly audit   '@humanfs/node': [ '0.16.7' ],
222 silly audit   '@humanwhocodes/module-importer': [ '1.0.1' ],
222 silly audit   '@humanwhocodes/retry': [ '0.4.3' ],
222 silly audit   '@img/colour': [ '1.0.0' ],
222 silly audit   '@img/sharp-darwin-arm64': [ '0.34.5' ],
222 silly audit   '@img/sharp-darwin-x64': [ '0.34.5' ],
222 silly audit   '@img/sharp-libvips-darwin-arm64': [ '1.2.4' ],
222 silly audit   '@img/sharp-libvips-darwin-x64': [ '1.2.4' ],
222 silly audit   '@img/sharp-libvips-linux-arm': [ '1.2.4' ],
222 silly audit   '@img/sharp-libvips-linux-arm64': [ '1.2.4' ],
222 silly audit   '@img/sharp-libvips-linux-ppc64': [ '1.2.4' ],
222 silly audit   '@img/sharp-libvips-linux-riscv64': [ '1.2.4' ],
222 silly audit   '@img/sharp-libvips-linux-s390x': [ '1.2.4' ],
222 silly audit   '@img/sharp-libvips-linux-x64': [ '1.2.4' ],
222 silly audit   '@img/sharp-libvips-linuxmusl-arm64': [ '1.2.4' ],
222 silly audit   '@img/sharp-libvips-linuxmusl-x64': [ '1.2.4' ],
222 silly audit   '@img/sharp-linux-arm': [ '0.34.5' ],
222 silly audit   '@img/sharp-linux-arm64': [ '0.34.5' ],
222 silly audit   '@img/sharp-linux-ppc64': [ '0.34.5' ],
222 silly audit   '@img/sharp-linux-riscv64': [ '0.34.5' ],
222 silly audit   '@img/sharp-linux-s390x': [ '0.34.5' ],
222 silly audit   '@img/sharp-linux-x64': [ '0.34.5' ],
222 silly audit   '@img/sharp-linuxmusl-arm64': [ '0.34.5' ],
222 silly audit   '@img/sharp-linuxmusl-x64': [ '0.34.5' ],
222 silly audit   '@img/sharp-wasm32': [ '0.34.5' ],
222 silly audit   '@img/sharp-win32-arm64': [ '0.34.5' ],
222 silly audit   '@img/sharp-win32-ia32': [ '0.34.5' ],
222 silly audit   '@img/sharp-win32-x64': [ '0.34.5' ],
222 silly audit   '@jridgewell/gen-mapping': [ '0.3.13' ],
222 silly audit   '@jridgewell/remapping': [ '2.3.5' ],
222 silly audit   '@jridgewell/resolve-uri': [ '3.1.2' ],
222 silly audit   '@jridgewell/sourcemap-codec': [ '1.5.5' ],
222 silly audit   '@jridgewell/trace-mapping': [ '0.3.31' ],
222 silly audit   '@napi-rs/wasm-runtime': [ '0.2.12' ],
222 silly audit   '@next/env': [ '16.0.1' ],
222 silly audit   '@next/eslint-plugin-next': [ '16.0.1' ],
222 silly audit   '@next/swc-darwin-arm64': [ '16.0.1' ],
222 silly audit   '@next/swc-darwin-x64': [ '16.0.1' ],
222 silly audit   '@next/swc-linux-arm64-gnu': [ '16.0.1' ],
222 silly audit   '@next/swc-linux-arm64-musl': [ '16.0.1' ],
222 silly audit   '@next/swc-linux-x64-gnu': [ '16.0.1' ],
222 silly audit   '@next/swc-linux-x64-musl': [ '16.0.1' ],
222 silly audit   '@next/swc-win32-arm64-msvc': [ '16.0.1' ],
222 silly audit   '@next/swc-win32-x64-msvc': [ '16.0.1' ],
222 silly audit   '@nodelib/fs.scandir': [ '2.1.5' ],
222 silly audit   '@nodelib/fs.stat': [ '2.0.5' ],
222 silly audit   '@nodelib/fs.walk': [ '1.2.8' ],
222 silly audit   '@nolyfill/is-core-module': [ '1.0.39' ],
222 silly audit   '@rtsao/scc': [ '1.1.0' ],
222 silly audit   '@swc/helpers': [ '0.5.15' ],
222 silly audit   '@tailwindcss/node': [ '4.1.17' ],
222 silly audit   '@tailwindcss/oxide': [ '4.1.17' ],
222 silly audit   '@tailwindcss/oxide-android-arm64': [ '4.1.17' ],
222 silly audit   '@tailwindcss/oxide-darwin-arm64': [ '4.1.17' ],
222 silly audit   '@tailwindcss/oxide-darwin-x64': [ '4.1.17' ],
222 silly audit   '@tailwindcss/oxide-freebsd-x64': [ '4.1.17' ],
222 silly audit   '@tailwindcss/oxide-linux-arm-gnueabihf': [ '4.1.17' ],
222 silly audit   '@tailwindcss/oxide-linux-arm64-gnu': [ '4.1.17' ],
222 silly audit   '@tailwindcss/oxide-linux-arm64-musl': [ '4.1.17' ],
222 silly audit   '@tailwindcss/oxide-linux-x64-gnu': [ '4.1.17' ],
222 silly audit   '@tailwindcss/oxide-linux-x64-musl': [ '4.1.17' ],
222 silly audit   '@tailwindcss/oxide-win32-arm64-msvc': [ '4.1.17' ],
222 silly audit   '@tailwindcss/oxide-win32-x64-msvc': [ '4.1.17' ],
222 silly audit   '@tailwindcss/postcss': [ '4.1.17' ],
222 silly audit   '@tybys/wasm-util': [ '0.10.1' ],
222 silly audit   '@types/estree': [ '1.0.8' ],
222 silly audit   '@types/json-schema': [ '7.0.15' ],
222 silly audit   '@types/json5': [ '0.0.29' ],
222 silly audit   '@types/node': [ '20.19.24' ],
222 silly audit   '@types/react': [ '19.2.2' ],
222 silly audit   '@types/react-dom': [ '19.2.2' ],
222 silly audit   '@typescript-eslint/eslint-plugin': [ '8.46.3' ],
222 silly audit   ignore: [ '7.0.5', '5.3.2' ],
222 silly audit   '@typescript-eslint/parser': [ '8.46.3' ],
222 silly audit   '@typescript-eslint/project-service': [ '8.46.3' ],
222 silly audit   '@typescript-eslint/scope-manager': [ '8.46.3' ],
222 silly audit   '@typescript-eslint/tsconfig-utils': [ '8.46.3' ],
222 silly audit   '@typescript-eslint/type-utils': [ '8.46.3' ],
222 silly audit   '@typescript-eslint/types': [ '8.46.3' ],
222 silly audit   '@typescript-eslint/typescript-estree': [ '8.46.3' ],
222 silly audit   'brace-expansion': [ '2.0.2', '1.1.12' ],
222 silly audit   'fast-glob': [ '3.3.3', '3.3.1' ],
222 silly audit   'glob-parent': [ '5.1.2', '6.0.2' ],
222 silly audit   minimatch: [ '9.0.5', '3.1.2' ],
222 silly audit   semver: [ '7.7.3', '6.3.1' ],
222 silly audit   '@typescript-eslint/utils': [ '8.46.3' ],
222 silly audit   '@typescript-eslint/visitor-keys': [ '8.46.3' ],
222 silly audit   '@unrs/resolver-binding-android-arm-eabi': [ '1.11.1' ],
222 silly audit   '@unrs/resolver-binding-android-arm64': [ '1.11.1' ],
222 silly audit   '@unrs/resolver-binding-darwin-arm64': [ '1.11.1' ],
222 silly audit   '@unrs/resolver-binding-darwin-x64': [ '1.11.1' ],
222 silly audit   '@unrs/resolver-binding-freebsd-x64': [ '1.11.1' ],
222 silly audit   '@unrs/resolver-binding-linux-arm-gnueabihf': [ '1.11.1' ],
222 silly audit   '@unrs/resolver-binding-linux-arm-musleabihf': [ '1.11.1' ],
222 silly audit   '@unrs/resolver-binding-linux-arm64-gnu': [ '1.11.1' ],
222 silly audit   '@unrs/resolver-binding-linux-arm64-musl': [ '1.11.1' ],
222 silly audit   '@unrs/resolver-binding-linux-ppc64-gnu': [ '1.11.1' ],
222 silly audit   '@unrs/resolver-binding-linux-riscv64-gnu': [ '1.11.1' ],
222 silly audit   '@unrs/resolver-binding-linux-riscv64-musl': [ '1.11.1' ],
222 silly audit   '@unrs/resolver-binding-linux-s390x-gnu': [ '1.11.1' ],
222 silly audit   '@unrs/resolver-binding-linux-x64-gnu': [ '1.11.1' ],
222 silly audit   '@unrs/resolver-binding-linux-x64-musl': [ '1.11.1' ],
222 silly audit   '@unrs/resolver-binding-wasm32-wasi': [ '1.11.1' ],
222 silly audit   '@unrs/resolver-binding-win32-arm64-msvc': [ '1.11.1' ],
222 silly audit   '@unrs/resolver-binding-win32-ia32-msvc': [ '1.11.1' ],
222 silly audit   '@unrs/resolver-binding-win32-x64-msvc': [ '1.11.1' ],
222 silly audit   acorn: [ '8.15.0' ],
222 silly audit   'acorn-jsx': [ '5.3.2' ],
222 silly audit   ajv: [ '6.12.6' ],
222 silly audit   'ansi-styles': [ '4.3.0' ],
222 silly audit   argparse: [ '2.0.1' ],
222 silly audit   'aria-query': [ '5.3.2' ],
222 silly audit   'array-buffer-byte-length': [ '1.0.2' ],
222 silly audit   'array-includes': [ '3.1.9' ],
222 silly audit   'array.prototype.findlast': [ '1.2.5' ],
222 silly audit   'array.prototype.findlastindex': [ '1.2.6' ],
222 silly audit   'array.prototype.flat': [ '1.3.3' ],
222 silly audit   'array.prototype.flatmap': [ '1.3.3' ],
222 silly audit   'array.prototype.tosorted': [ '1.1.4' ],
222 silly audit   'arraybuffer.prototype.slice': [ '1.0.4' ],
222 silly audit   'ast-types-flow': [ '0.0.8' ],
222 silly audit   'async-function': [ '1.0.0' ],
222 silly audit   'available-typed-arrays': [ '1.0.7' ],
222 silly audit   'axe-core': [ '4.11.0' ],
222 silly audit   'axobject-query': [ '4.1.0' ],
222 silly audit   'balanced-match': [ '1.0.2' ],
222 silly audit   'baseline-browser-mapping': [ '2.8.25' ],
222 silly audit   braces: [ '3.0.3' ],
222 silly audit   browserslist: [ '4.27.0' ],
222 silly audit   'call-bind': [ '1.0.8' ],
222 silly audit   'call-bind-apply-helpers': [ '1.0.2' ],
222 silly audit   'call-bound': [ '1.0.4' ],
222 silly audit   callsites: [ '3.1.0' ],
222 silly audit   'caniuse-lite': [ '1.0.30001754' ],
222 silly audit   chalk: [ '4.1.2' ],
222 silly audit   'client-only': [ '0.0.1' ],
222 silly audit   'color-convert': [ '2.0.1' ],
222 silly audit   'color-name': [ '1.1.4' ],
222 silly audit   'concat-map': [ '0.0.1' ],
222 silly audit   'convert-source-map': [ '2.0.0' ],
222 silly audit   'cross-spawn': [ '7.0.6' ],
222 silly audit   csstype: [ '3.1.3' ],
222 silly audit   'damerau-levenshtein': [ '1.0.8' ],
222 silly audit   'data-view-buffer': [ '1.0.2' ],
222 silly audit   'data-view-byte-length': [ '1.0.2' ],
222 silly audit   'data-view-byte-offset': [ '1.0.1' ],
222 silly audit   debug: [ '4.4.3', '3.2.7' ],
222 silly audit   'deep-is': [ '0.1.4' ],
222 silly audit   'define-data-property': [ '1.1.4' ],
222 silly audit   'define-properties': [ '1.2.1' ],
222 silly audit   'detect-libc': [ '2.1.2' ],
222 silly audit   doctrine: [ '2.1.0' ],
222 silly audit   'dunder-proto': [ '1.0.1' ],
222 silly audit   'electron-to-chromium': [ '1.5.249' ],
222 silly audit   'emoji-regex': [ '9.2.2' ],
222 silly audit   'enhanced-resolve': [ '5.18.3' ],
222 silly audit   'es-abstract': [ '1.24.0' ],
222 silly audit   'es-define-property': [ '1.0.1' ],
222 silly audit   'es-errors': [ '1.3.0' ],
222 silly audit   'es-iterator-helpers': [ '1.2.1' ],
222 silly audit   'es-object-atoms': [ '1.1.1' ],
222 silly audit   'es-set-tostringtag': [ '2.1.0' ],
222 silly audit   'es-shim-unscopables': [ '1.1.0' ],
222 silly audit   'es-to-primitive': [ '1.3.0' ],
222 silly audit   escalade: [ '3.2.0' ],
222 silly audit   'escape-string-regexp': [ '4.0.0' ],
222 silly audit   eslint: [ '9.39.1' ],
222 silly audit   'eslint-config-next': [ '16.0.1' ],
222 silly audit   globals: [ '16.4.0', '14.0.0' ],
222 silly audit   'eslint-import-resolver-node': [ '0.3.9' ],
222 silly audit   'eslint-import-resolver-typescript': [ '3.10.1' ],
222 silly audit   'eslint-module-utils': [ '2.12.1' ],
222 silly audit   'eslint-plugin-import': [ '2.32.0' ],
222 silly audit   'eslint-plugin-jsx-a11y': [ '6.10.2' ],
222 silly audit   'eslint-plugin-react': [ '7.37.5' ],
222 silly audit   'eslint-plugin-react-hooks': [ '7.0.1' ],
222 silly audit   resolve: [ '2.0.0-next.5', '1.22.11' ],
222 silly audit   'eslint-scope': [ '8.4.0' ],
222 silly audit   espree: [ '10.4.0' ],
222 silly audit   esquery: [ '1.6.0' ],
222 silly audit   esrecurse: [ '4.3.0' ],
222 silly audit   estraverse: [ '5.3.0' ],
222 silly audit   esutils: [ '2.0.3' ],
222 silly audit   'fast-deep-equal': [ '3.1.3' ],
222 silly audit   'fast-json-stable-stringify': [ '2.1.0' ],
222 silly audit   'fast-levenshtein': [ '2.0.6' ],
222 silly audit   fastq: [ '1.19.1' ],
222 silly audit   'file-entry-cache': [ '8.0.0' ],
222 silly audit   'fill-range': [ '7.1.1' ],
222 silly audit   'find-up': [ '5.0.0' ],
222 silly audit   'flat-cache': [ '4.0.1' ],
222 silly audit   flatted: [ '3.3.3' ],
222 silly audit   'for-each': [ '0.3.5' ],
222 silly audit   'function-bind': [ '1.1.2' ],
222 silly audit   'function.prototype.name': [ '1.1.8' ],
222 silly audit   'functions-have-names': [ '1.2.3' ],
222 silly audit   'generator-function': [ '2.0.1' ],
222 silly audit   gensync: [ '1.0.0-beta.2' ],
222 silly audit   'get-intrinsic': [ '1.3.0' ],
222 silly audit   'get-proto': [ '1.0.1' ],
222 silly audit   'get-symbol-description': [ '1.1.0' ],
222 silly audit   'get-tsconfig': [ '4.13.0' ],
222 silly audit   globalthis: [ '1.0.4' ],
222 silly audit   gopd: [ '1.2.0' ],
222 silly audit   'graceful-fs': [ '4.2.11' ],
222 silly audit   graphemer: [ '1.4.0' ],
222 silly audit   'has-bigints': [ '1.1.0' ],
222 silly audit   'has-flag': [ '4.0.0' ],
222 silly audit   'has-property-descriptors': [ '1.0.2' ],
222 silly audit   'has-proto': [ '1.2.0' ],
222 silly audit   'has-symbols': [ '1.1.0' ],
222 silly audit   'has-tostringtag': [ '1.0.2' ],
222 silly audit   hasown: [ '2.0.2' ],
222 silly audit   'hermes-estree': [ '0.25.1' ],
222 silly audit   'hermes-parser': [ '0.25.1' ],
222 silly audit   'import-fresh': [ '3.3.1' ],
222 silly audit   imurmurhash: [ '0.1.4' ],
222 silly audit   'internal-slot': [ '1.1.0' ],
222 silly audit   'is-array-buffer': [ '3.0.5' ],
222 silly audit   'is-async-function': [ '2.1.1' ],
222 silly audit   'is-bigint': [ '1.1.0' ],
222 silly audit   'is-boolean-object': [ '1.2.2' ],
222 silly audit   'is-bun-module': [ '2.0.0' ],
222 silly audit   'is-callable': [ '1.2.7' ],
222 silly audit   'is-core-module': [ '2.16.1' ],
222 silly audit   'is-data-view': [ '1.0.2' ],
222 silly audit   'is-date-object': [ '1.1.0' ],
222 silly audit   'is-extglob': [ '2.1.1' ],
222 silly audit   'is-finalizationregistry': [ '1.1.1' ],
222 silly audit   'is-generator-function': [ '1.1.2' ],
222 silly audit   'is-glob': [ '4.0.3' ],
222 silly audit   'is-map': [ '2.0.3' ],
222 silly audit   'is-negative-zero': [ '2.0.3' ],
222 silly audit   'is-number': [ '7.0.0' ],
222 silly audit   'is-number-object': [ '1.1.1' ],
222 silly audit   'is-regex': [ '1.2.1' ],
222 silly audit   'is-set': [ '2.0.3' ],
222 silly audit   'is-shared-array-buffer': [ '1.0.4' ],
222 silly audit   'is-string': [ '1.1.1' ],
222 silly audit   'is-symbol': [ '1.1.1' ],
222 silly audit   'is-typed-array': [ '1.1.15' ],
222 silly audit   'is-weakmap': [ '2.0.2' ],
222 silly audit   'is-weakref': [ '1.1.1' ],
222 silly audit   'is-weakset': [ '2.0.4' ],
222 silly audit   isarray: [ '2.0.5' ],
222 silly audit   isexe: [ '2.0.0' ],
222 silly audit   'iterator.prototype': [ '1.1.5' ],
222 silly audit   jiti: [ '2.6.1' ],
222 silly audit   'js-tokens': [ '4.0.0' ],
222 silly audit   'js-yaml': [ '4.1.0' ],
222 silly audit   jsesc: [ '3.1.0' ],
222 silly audit   'json-buffer': [ '3.0.1' ],
222 silly audit   'json-schema-traverse': [ '0.4.1' ],
222 silly audit   'json-stable-stringify-without-jsonify': [ '1.0.1' ],
222 silly audit   json5: [ '2.2.3', '1.0.2' ],
222 silly audit   'jsx-ast-utils': [ '3.3.5' ],
222 silly audit   keyv: [ '4.5.4' ],
222 silly audit   'language-subtag-registry': [ '0.3.23' ],
222 silly audit   'language-tags': [ '1.0.9' ],
222 silly audit   levn: [ '0.4.1' ],
222 silly audit   lightningcss: [ '1.30.2' ],
222 silly audit   'lightningcss-android-arm64': [ '1.30.2' ],
222 silly audit   'lightningcss-darwin-arm64': [ '1.30.2' ],
222 silly audit   'lightningcss-darwin-x64': [ '1.30.2' ],
222 silly audit   'lightningcss-freebsd-x64': [ '1.30.2' ],
222 silly audit   'lightningcss-linux-arm-gnueabihf': [ '1.30.2' ],
222 silly audit   'lightningcss-linux-arm64-gnu': [ '1.30.2' ],
222 silly audit   'lightningcss-linux-arm64-musl': [ '1.30.2' ],
222 silly audit   'lightningcss-linux-x64-gnu': [ '1.30.2' ],
222 silly audit   'lightningcss-linux-x64-musl': [ '1.30.2' ],
222 silly audit   'lightningcss-win32-arm64-msvc': [ '1.30.2' ],
222 silly audit   'lightningcss-win32-x64-msvc': [ '1.30.2' ],
222 silly audit   'locate-path': [ '6.0.0' ],
222 silly audit   'lodash.merge': [ '4.6.2' ],
222 silly audit   'loose-envify': [ '1.4.0' ],
222 silly audit   'lru-cache': [ '5.1.1' ],
222 silly audit   'magic-string': [ '0.30.21' ],
222 silly audit   'math-intrinsics': [ '1.1.0' ],
222 silly audit   merge2: [ '1.4.1' ],
222 silly audit   micromatch: [ '4.0.8' ],
222 silly audit   minimist: [ '1.2.8' ],
222 silly audit   ms: [ '2.1.3' ],
222 silly audit   nanoid: [ '3.3.11' ],
222 silly audit   'napi-postinstall': [ '0.3.4' ],
222 silly audit   'natural-compare': [ '1.4.0' ],
222 silly audit   next: [ '16.0.1' ],
222 silly audit   postcss: [ '8.4.31', '8.5.6' ],
222 silly audit   'node-releases': [ '2.0.27' ],
222 silly audit   'object-assign': [ '4.1.1' ],
222 silly audit   'object-inspect': [ '1.13.4' ],
222 silly audit   'object-keys': [ '1.1.1' ],
222 silly audit   'object.assign': [ '4.1.7' ],
222 silly audit   'object.entries': [ '1.1.9' ],
222 silly audit   'object.fromentries': [ '2.0.8' ],
222 silly audit   'object.groupby': [ '1.0.3' ],
222 silly audit   'object.values': [ '1.2.1' ],
222 silly audit   optionator: [ '0.9.4' ],
222 silly audit   'own-keys': [ '1.0.1' ],
222 silly audit   'p-limit': [ '3.1.0' ],
222 silly audit   'p-locate': [ '5.0.0' ],
222 silly audit   'parent-module': [ '1.0.1' ],
222 silly audit   'path-exists': [ '4.0.0' ],
222 silly audit   'path-key': [ '3.1.1' ],
222 silly audit   'path-parse': [ '1.0.7' ],
222 silly audit   picocolors: [ '1.1.1' ],
222 silly audit   picomatch: [ '2.3.1', '4.0.3' ],
222 silly audit   'possible-typed-array-names': [ '1.1.0' ],
222 silly audit   'prelude-ls': [ '1.2.1' ],
222 silly audit   'prop-types': [ '15.8.1' ],
222 silly audit   punycode: [ '2.3.1' ],
222 silly audit   'queue-microtask': [ '1.2.3' ],
222 silly audit   react: [ '19.2.0' ],
222 silly audit   'react-dom': [ '19.2.0' ],
222 silly audit   'react-is': [ '16.13.1' ],
222 silly audit   'reflect.getprototypeof': [ '1.0.10' ],
222 silly audit   'regexp.prototype.flags': [ '1.5.4' ],
222 silly audit   'resolve-from': [ '4.0.0' ],
222 silly audit   'resolve-pkg-maps': [ '1.0.0' ],
222 silly audit   reusify: [ '1.1.0' ],
222 silly audit   'run-parallel': [ '1.2.0' ],
222 silly audit   'safe-array-concat': [ '1.1.3' ],
222 silly audit   'safe-push-apply': [ '1.0.0' ],
222 silly audit   'safe-regex-test': [ '1.1.0' ],
222 silly audit   scheduler: [ '0.27.0' ],
222 silly audit   'set-function-length': [ '1.2.2' ],
222 silly audit   'set-function-name': [ '2.0.2' ],
222 silly audit   'set-proto': [ '1.0.0' ],
222 silly audit   sharp: [ '0.34.5' ],
222 silly audit   'shebang-command': [ '2.0.0' ],
222 silly audit   'shebang-regex': [ '3.0.0' ],
222 silly audit   'side-channel': [ '1.1.0' ],
222 silly audit   'side-channel-list': [ '1.0.0' ],
222 silly audit   'side-channel-map': [ '1.0.1' ],
222 silly audit   'side-channel-weakmap': [ '1.0.2' ],
222 silly audit   'source-map-js': [ '1.2.1' ],
222 silly audit   'stable-hash': [ '0.0.5' ],
222 silly audit   'stop-iteration-iterator': [ '1.1.0' ],
222 silly audit   'string.prototype.includes': [ '2.0.1' ],
222 silly audit   'string.prototype.matchall': [ '4.0.12' ],
222 silly audit   'string.prototype.repeat': [ '1.0.0' ],
222 silly audit   'string.prototype.trim': [ '1.2.10' ],
222 silly audit   'string.prototype.trimend': [ '1.0.9' ],
222 silly audit   'string.prototype.trimstart': [ '1.0.8' ],
222 silly audit   'strip-bom': [ '3.0.0' ],
222 silly audit   'strip-json-comments': [ '3.1.1', '2.0.1' ],
222 silly audit   'styled-jsx': [ '5.1.6' ],
222 silly audit   'supports-color': [ '7.2.0' ],
222 silly audit   'supports-preserve-symlinks-flag': [ '1.0.0' ],
222 silly audit   tailwindcss: [ '4.1.17' ],
222 silly audit   tapable: [ '2.3.0' ],
222 silly audit   tinyglobby: [ '0.2.15' ],
222 silly audit   fdir: [ '6.5.0' ],
222 silly audit   'to-regex-range': [ '5.0.1' ],
222 silly audit   'ts-api-utils': [ '2.1.0' ],
222 silly audit   'tsconfig-paths': [ '3.15.0' ],
222 silly audit   tslib: [ '2.8.1' ],
222 silly audit   'type-check': [ '0.4.0' ],
222 silly audit   'typed-array-buffer': [ '1.0.3' ],
222 silly audit   'typed-array-byte-length': [ '1.0.3' ],
222 silly audit   'typed-array-byte-offset': [ '1.0.4' ],
222 silly audit   'typed-array-length': [ '1.0.7' ],
222 silly audit   typescript: [ '5.9.3' ],
222 silly audit   'typescript-eslint': [ '8.46.3' ],
222 silly audit   'unbox-primitive': [ '1.1.0' ],
222 silly audit   'undici-types': [ '6.21.0' ],
222 silly audit   'unrs-resolver': [ '1.11.1' ],
222 silly audit   'update-browserslist-db': [ '1.1.4' ],
222 silly audit   'uri-js': [ '4.4.1' ],
222 silly audit   which: [ '2.0.2' ],
222 silly audit   'which-boxed-primitive': [ '1.1.1' ],
222 silly audit   'which-builtin-type': [ '1.2.1' ],
222 silly audit   'which-collection': [ '1.0.2' ],
222 silly audit   'which-typed-array': [ '1.1.19' ],
222 silly audit   'word-wrap': [ '1.2.5' ],
222 silly audit   yallist: [ '3.1.1' ],
222 silly audit   'yocto-queue': [ '0.1.0' ],
222 silly audit   'zod-validation-error': [ '4.0.2' ],
222 silly audit   'better-sqlite3': [ '12.4.1' ],
222 silly audit   zod: [ '4.1.12' ],
222 silly audit   bindings: [ '1.5.0' ],
222 silly audit   'prebuild-install': [ '7.1.3' ],
222 silly audit   'file-uri-to-path': [ '1.0.0' ],
222 silly audit   'expand-template': [ '2.0.3' ],
222 silly audit   'github-from-package': [ '0.0.0' ],
222 silly audit   'mkdirp-classic': [ '0.5.3' ],
222 silly audit   'napi-build-utils': [ '2.0.0' ],
222 silly audit   'node-abi': [ '3.80.0' ],
222 silly audit   pump: [ '3.0.3' ],
222 silly audit   rc: [ '1.2.8' ],
222 silly audit   'simple-get': [ '4.0.1' ],
222 silly audit   'tar-fs': [ '2.1.4' ],
222 silly audit   'tunnel-agent': [ '0.6.0' ],
222 silly audit   'end-of-stream': [ '1.4.5' ],
222 silly audit   once: [ '1.4.0' ],
222 silly audit   wrappy: [ '1.0.2' ],
222 silly audit   'deep-extend': [ '0.6.0' ],
222 silly audit   ini: [ '1.3.8' ],
222 silly audit   'decompress-response': [ '6.0.0' ],
222 silly audit   'simple-concat': [ '1.0.1' ],
222 silly audit   'mimic-response': [ '3.1.0' ],
222 silly audit   chownr: [ '1.1.4' ],
222 silly audit   'tar-stream': [ '2.2.0' ],
222 silly audit   bl: [ '4.1.0' ],
222 silly audit   'fs-constants': [ '1.0.0' ],
222 silly audit   inherits: [ '2.0.4' ],
222 silly audit   'readable-stream': [ '3.6.2' ],
222 silly audit   buffer: [ '5.7.1' ],
222 silly audit   'base64-js': [ '1.5.1' ],
222 silly audit   ieee754: [ '1.2.1' ],
222 silly audit   string_decoder: [ '1.3.0' ],
222 silly audit   'util-deprecate': [ '1.0.2' ],
222 silly audit   'safe-buffer': [ '5.2.1' ],
222 silly audit   '@tailwindcss/oxide-wasm32-wasi': [ '4.1.17' ]
222 silly audit }
223 verbose reify failed optional dependency /Users/mingqiii/Documents/coolProjects/DavidFuBetting/web/node_modules/lightningcss-win32-x64-msvc
224 silly reify mark deleted [
224 silly reify   '/Users/mingqiii/Documents/coolProjects/DavidFuBetting/web/node_modules/lightningcss-win32-x64-msvc'
224 silly reify ]
225 verbose reify failed optional dependency /Users/mingqiii/Documents/coolProjects/DavidFuBetting/web/node_modules/lightningcss-win32-arm64-msvc
226 silly reify mark deleted [
226 silly reify   '/Users/mingqiii/Documents/coolProjects/DavidFuBetting/web/node_modules/lightningcss-win32-arm64-msvc'
226 silly reify ]
227 verbose reify failed optional dependency /Users/mingqiii/Documents/coolProjects/DavidFuBetting/web/node_modules/lightningcss-linux-x64-musl
228 silly reify mark deleted [
228 silly reify   '/Users/mingqiii/Documents/coolProjects/DavidFuBetting/web/node_modules/lightningcss-linux-x64-musl'
228 silly reify ]
229 verbose reify failed optional dependency /Users/mingqiii/Documents/coolProjects/DavidFuBetting/web/node_modules/lightningcss-linux-x64-gnu
230 silly reify mark deleted [
230 silly reify   '/Users/mingqiii/Documents/coolProjects/DavidFuBetting/web/node_modules/lightningcss-linux-x64-gnu'
230 silly reify ]
231 verbose reify failed optional dependency /Users/mingqiii/Documents/coolProjects/DavidFuBetting/web/node_modules/lightningcss-linux-arm64-musl
232 silly reify mark deleted [
232 silly reify   '/Users/mingqiii/Documents/coolProjects/DavidFuBetting/web/node_modules/lightningcss-linux-arm64-musl'
232 silly reify ]
233 verbose reify failed optional dependency /Users/mingqiii/Documents/coolProjects/DavidFuBetting/web/node_modules/lightningcss-linux-arm64-gnu
234 silly reify mark deleted [
234 silly reify   '/Users/mingqiii/Documents/coolProjects/DavidFuBetting/web/node_modules/lightningcss-linux-arm64-gnu'
234 silly reify ]
235 verbose reify failed optional dependency /Users/mingqiii/Documents/coolProjects/DavidFuBetting/web/node_modules/lightningcss-linux-arm-gnueabihf
236 silly reify mark deleted [
236 silly reify   '/Users/mingqiii/Documents/coolProjects/DavidFuBetting/web/node_modules/lightningcss-linux-arm-gnueabihf'
236 silly reify ]
237 verbose reify failed optional dependency /Users/mingqiii/Documents/coolProjects/DavidFuBetting/web/node_modules/lightningcss-freebsd-x64
238 silly reify mark deleted [
238 silly reify   '/Users/mingqiii/Documents/coolProjects/DavidFuBetting/web/node_modules/lightningcss-freebsd-x64'
238 silly reify ]
239 verbose reify failed optional dependency /Users/mingqiii/Documents/coolProjects/DavidFuBetting/web/node_modules/lightningcss-darwin-x64
240 silly reify mark deleted [
240 silly reify   '/Users/mingqiii/Documents/coolProjects/DavidFuBetting/web/node_modules/lightningcss-darwin-x64'
240 silly reify ]
241 verbose reify failed optional dependency /Users/mingqiii/Documents/coolProjects/DavidFuBetting/web/node_modules/lightningcss-android-arm64
242 silly reify mark deleted [
242 silly reify   '/Users/mingqiii/Documents/coolProjects/DavidFuBetting/web/node_modules/lightningcss-android-arm64'
242 silly reify ]
243 verbose reify failed optional dependency /Users/mingqiii/Documents/coolProjects/DavidFuBetting/web/node_modules/@unrs/resolver-binding-win32-x64-msvc
244 silly reify mark deleted [
244 silly reify   '/Users/mingqiii/Documents/coolProjects/DavidFuBetting/web/node_modules/@unrs/resolver-binding-win32-x64-msvc'
244 silly reify ]
245 verbose reify failed optional dependency /Users/mingqiii/Documents/coolProjects/DavidFuBetting/web/node_modules/@unrs/resolver-binding-win32-ia32-msvc
246 silly reify mark deleted [
246 silly reify   '/Users/mingqiii/Documents/coolProjects/DavidFuBetting/web/node_modules/@unrs/resolver-binding-win32-ia32-msvc'
246 silly reify ]
247 verbose reify failed optional dependency /Users/mingqiii/Documents/coolProjects/DavidFuBetting/web/node_modules/@unrs/resolver-binding-win32-arm64-msvc
248 silly reify mark deleted [
248 silly reify   '/Users/mingqiii/Documents/coolProjects/DavidFuBetting/web/node_modules/@unrs/resolver-binding-win32-arm64-msvc'
248 silly reify ]
249 verbose reify failed optional dependency /Users/mingqiii/Documents/coolProjects/DavidFuBetting/web/node_modules/@unrs/resolver-binding-wasm32-wasi
250 silly reify mark deleted [
250 silly reify   '/Users/mingqiii/Documents/coolProjects/DavidFuBetting/web/node_modules/@unrs/resolver-binding-wasm32-wasi'
250 silly reify ]
251 verbose reify failed optional dependency /Users/mingqiii/Documents/coolProjects/DavidFuBetting/web/node_modules/@unrs/resolver-binding-linux-x64-musl
252 silly reify mark deleted [
252 silly reify   '/Users/mingqiii/Documents/coolProjects/DavidFuBetting/web/node_modules/@unrs/resolver-binding-linux-x64-musl'
252 silly reify ]
253 verbose reify failed optional dependency /Users/mingqiii/Documents/coolProjects/DavidFuBetting/web/node_modules/@unrs/resolver-binding-linux-x64-gnu
254 silly reify mark deleted [
254 silly reify   '/Users/mingqiii/Documents/coolProjects/DavidFuBetting/web/node_modules/@unrs/resolver-binding-linux-x64-gnu'
254 silly reify ]
255 verbose reify failed optional dependency /Users/mingqiii/Documents/coolProjects/DavidFuBetting/web/node_modules/@unrs/resolver-binding-linux-s390x-gnu
256 silly reify mark deleted [
256 silly reify   '/Users/mingqiii/Documents/coolProjects/DavidFuBetting/web/node_modules/@unrs/resolver-binding-linux-s390x-gnu'
256 silly reify ]
257 verbose reify failed optional dependency /Users/mingqiii/Documents/coolProjects/DavidFuBetting/web/node_modules/@unrs/resolver-binding-linux-riscv64-musl
258 silly reify mark deleted [
258 silly reify   '/Users/mingqiii/Documents/coolProjects/DavidFuBetting/web/node_modules/@unrs/resolver-binding-linux-riscv64-musl'
258 silly reify ]
259 verbose reify failed optional dependency /Users/mingqiii/Documents/coolProjects/DavidFuBetting/web/node_modules/@unrs/resolver-binding-linux-riscv64-gnu
260 silly reify mark deleted [
260 silly reify   '/Users/mingqiii/Documents/coolProjects/DavidFuBetting/web/node_modules/@unrs/resolver-binding-linux-riscv64-gnu'
260 silly reify ]
261 verbose reify failed optional dependency /Users/mingqiii/Documents/coolProjects/DavidFuBetting/web/node_modules/@unrs/resolver-binding-linux-ppc64-gnu
262 silly reify mark deleted [
262 silly reify   '/Users/mingqiii/Documents/coolProjects/DavidFuBetting/web/node_modules/@unrs/resolver-binding-linux-ppc64-gnu'
262 silly reify ]
263 verbose reify failed optional dependency /Users/mingqiii/Documents/coolProjects/DavidFuBetting/web/node_modules/@unrs/resolver-binding-linux-arm64-musl
264 silly reify mark deleted [
264 silly reify   '/Users/mingqiii/Documents/coolProjects/DavidFuBetting/web/node_modules/@unrs/resolver-binding-linux-arm64-musl'
264 silly reify ]
265 verbose reify failed optional dependency /Users/mingqiii/Documents/coolProjects/DavidFuBetting/web/node_modules/@unrs/resolver-binding-linux-arm64-gnu
266 silly reify mark deleted [
266 silly reify   '/Users/mingqiii/Documents/coolProjects/DavidFuBetting/web/node_modules/@unrs/resolver-binding-linux-arm64-gnu'
266 silly reify ]
267 verbose reify failed optional dependency /Users/mingqiii/Documents/coolProjects/DavidFuBetting/web/node_modules/@unrs/resolver-binding-linux-arm-musleabihf
268 silly reify mark deleted [
268 silly reify   '/Users/mingqiii/Documents/coolProjects/DavidFuBetting/web/node_modules/@unrs/resolver-binding-linux-arm-musleabihf'
268 silly reify ]
269 verbose reify failed optional dependency /Users/mingqiii/Documents/coolProjects/DavidFuBetting/web/node_modules/@unrs/resolver-binding-linux-arm-gnueabihf
270 silly reify mark deleted [
270 silly reify   '/Users/mingqiii/Documents/coolProjects/DavidFuBetting/web/node_modules/@unrs/resolver-binding-linux-arm-gnueabihf'
270 silly reify ]
271 verbose reify failed optional dependency /Users/mingqiii/Documents/coolProjects/DavidFuBetting/web/node_modules/@unrs/resolver-binding-freebsd-x64
272 silly reify mark deleted [
272 silly reify   '/Users/mingqiii/Documents/coolProjects/DavidFuBetting/web/node_modules/@unrs/resolver-binding-freebsd-x64'
272 silly reify ]
273 verbose reify failed optional dependency /Users/mingqiii/Documents/coolProjects/DavidFuBetting/web/node_modules/@unrs/resolver-binding-darwin-x64
274 silly reify mark deleted [
274 silly reify   '/Users/mingqiii/Documents/coolProjects/DavidFuBetting/web/node_modules/@unrs/resolver-binding-darwin-x64'
274 silly reify ]
275 verbose reify failed optional dependency /Users/mingqiii/Documents/coolProjects/DavidFuBetting/web/node_modules/@unrs/resolver-binding-android-arm64
276 silly reify mark deleted [
276 silly reify   '/Users/mingqiii/Documents/coolProjects/DavidFuBetting/web/node_modules/@unrs/resolver-binding-android-arm64'
276 silly reify ]
277 verbose reify failed optional dependency /Users/mingqiii/Documents/coolProjects/DavidFuBetting/web/node_modules/@unrs/resolver-binding-android-arm-eabi
278 silly reify mark deleted [
278 silly reify   '/Users/mingqiii/Documents/coolProjects/DavidFuBetting/web/node_modules/@unrs/resolver-binding-android-arm-eabi'
278 silly reify ]
279 verbose reify failed optional dependency /Users/mingqiii/Documents/coolProjects/DavidFuBetting/web/node_modules/@tailwindcss/oxide-win32-x64-msvc
280 silly reify mark deleted [
280 silly reify   '/Users/mingqiii/Documents/coolProjects/DavidFuBetting/web/node_modules/@tailwindcss/oxide-win32-x64-msvc'
280 silly reify ]
281 verbose reify failed optional dependency /Users/mingqiii/Documents/coolProjects/DavidFuBetting/web/node_modules/@tailwindcss/oxide-win32-arm64-msvc
282 silly reify mark deleted [
282 silly reify   '/Users/mingqiii/Documents/coolProjects/DavidFuBetting/web/node_modules/@tailwindcss/oxide-win32-arm64-msvc'
282 silly reify ]
283 verbose reify failed optional dependency /Users/mingqiii/Documents/coolProjects/DavidFuBetting/web/node_modules/@tailwindcss/oxide-linux-x64-musl
284 silly reify mark deleted [
284 silly reify   '/Users/mingqiii/Documents/coolProjects/DavidFuBetting/web/node_modules/@tailwindcss/oxide-linux-x64-musl'
284 silly reify ]
285 verbose reify failed optional dependency /Users/mingqiii/Documents/coolProjects/DavidFuBetting/web/node_modules/@tailwindcss/oxide-linux-x64-gnu
286 silly reify mark deleted [
286 silly reify   '/Users/mingqiii/Documents/coolProjects/DavidFuBetting/web/node_modules/@tailwindcss/oxide-linux-x64-gnu'
286 silly reify ]
287 verbose reify failed optional dependency /Users/mingqiii/Documents/coolProjects/DavidFuBetting/web/node_modules/@tailwindcss/oxide-linux-arm64-musl
288 silly reify mark deleted [
288 silly reify   '/Users/mingqiii/Documents/coolProjects/DavidFuBetting/web/node_modules/@tailwindcss/oxide-linux-arm64-musl'
288 silly reify ]
289 verbose reify failed optional dependency /Users/mingqiii/Documents/coolProjects/DavidFuBetting/web/node_modules/@tailwindcss/oxide-linux-arm64-gnu
290 silly reify mark deleted [
290 silly reify   '/Users/mingqiii/Documents/coolProjects/DavidFuBetting/web/node_modules/@tailwindcss/oxide-linux-arm64-gnu'
290 silly reify ]
291 verbose reify failed optional dependency /Users/mingqiii/Documents/coolProjects/DavidFuBetting/web/node_modules/@tailwindcss/oxide-linux-arm-gnueabihf
292 silly reify mark deleted [
292 silly reify   '/Users/mingqiii/Documents/coolProjects/DavidFuBetting/web/node_modules/@tailwindcss/oxide-linux-arm-gnueabihf'
292 silly reify ]
293 verbose reify failed optional dependency /Users/mingqiii/Documents/coolProjects/DavidFuBetting/web/node_modules/@tailwindcss/oxide-freebsd-x64
294 silly reify mark deleted [
294 silly reify   '/Users/mingqiii/Documents/coolProjects/DavidFuBetting/web/node_modules/@tailwindcss/oxide-freebsd-x64'
294 silly reify ]
295 verbose reify failed optional dependency /Users/mingqiii/Documents/coolProjects/DavidFuBetting/web/node_modules/@tailwindcss/oxide-darwin-x64
296 silly reify mark deleted [
296 silly reify   '/Users/mingqiii/Documents/coolProjects/DavidFuBetting/web/node_modules/@tailwindcss/oxide-darwin-x64'
296 silly reify ]
297 verbose reify failed optional dependency /Users/mingqiii/Documents/coolProjects/DavidFuBetting/web/node_modules/@tailwindcss/oxide-android-arm64
298 silly reify mark deleted [
298 silly reify   '/Users/mingqiii/Documents/coolProjects/DavidFuBetting/web/node_modules/@tailwindcss/oxide-android-arm64'
298 silly reify ]
299 verbose reify failed optional dependency /Users/mingqiii/Documents/coolProjects/DavidFuBetting/web/node_modules/@next/swc-win32-x64-msvc
300 silly reify mark deleted [
300 silly reify   '/Users/mingqiii/Documents/coolProjects/DavidFuBetting/web/node_modules/@next/swc-win32-x64-msvc'
300 silly reify ]
301 verbose reify failed optional dependency /Users/mingqiii/Documents/coolProjects/DavidFuBetting/web/node_modules/@next/swc-win32-arm64-msvc
302 silly reify mark deleted [
302 silly reify   '/Users/mingqiii/Documents/coolProjects/DavidFuBetting/web/node_modules/@next/swc-win32-arm64-msvc'
302 silly reify ]
303 verbose reify failed optional dependency /Users/mingqiii/Documents/coolProjects/DavidFuBetting/web/node_modules/@next/swc-linux-x64-musl
304 silly reify mark deleted [
304 silly reify   '/Users/mingqiii/Documents/coolProjects/DavidFuBetting/web/node_modules/@next/swc-linux-x64-musl'
304 silly reify ]
305 verbose reify failed optional dependency /Users/mingqiii/Documents/coolProjects/DavidFuBetting/web/node_modules/@next/swc-linux-x64-gnu
306 silly reify mark deleted [
306 silly reify   '/Users/mingqiii/Documents/coolProjects/DavidFuBetting/web/node_modules/@next/swc-linux-x64-gnu'
306 silly reify ]
307 verbose reify failed optional dependency /Users/mingqiii/Documents/coolProjects/DavidFuBetting/web/node_modules/@next/swc-linux-arm64-musl
308 silly reify mark deleted [
308 silly reify   '/Users/mingqiii/Documents/coolProjects/DavidFuBetting/web/node_modules/@next/swc-linux-arm64-musl'
308 silly reify ]
309 verbose reify failed optional dependency /Users/mingqiii/Documents/coolProjects/DavidFuBetting/web/node_modules/@next/swc-linux-arm64-gnu
310 silly reify mark deleted [
310 silly reify   '/Users/mingqiii/Documents/coolProjects/DavidFuBetting/web/node_modules/@next/swc-linux-arm64-gnu'
310 silly reify ]
311 verbose reify failed optional dependency /Users/mingqiii/Documents/coolProjects/DavidFuBetting/web/node_modules/@next/swc-darwin-x64
312 silly reify mark deleted [
312 silly reify   '/Users/mingqiii/Documents/coolProjects/DavidFuBetting/web/node_modules/@next/swc-darwin-x64'
312 silly reify ]
313 verbose reify failed optional dependency /Users/mingqiii/Documents/coolProjects/DavidFuBetting/web/node_modules/@img/sharp-win32-x64
314 silly reify mark deleted [
314 silly reify   '/Users/mingqiii/Documents/coolProjects/DavidFuBetting/web/node_modules/@img/sharp-win32-x64'
314 silly reify ]
315 verbose reify failed optional dependency /Users/mingqiii/Documents/coolProjects/DavidFuBetting/web/node_modules/@img/sharp-win32-ia32
316 silly reify mark deleted [
316 silly reify   '/Users/mingqiii/Documents/coolProjects/DavidFuBetting/web/node_modules/@img/sharp-win32-ia32'
316 silly reify ]
317 verbose reify failed optional dependency /Users/mingqiii/Documents/coolProjects/DavidFuBetting/web/node_modules/@img/sharp-win32-arm64
318 silly reify mark deleted [
318 silly reify   '/Users/mingqiii/Documents/coolProjects/DavidFuBetting/web/node_modules/@img/sharp-win32-arm64'
318 silly reify ]
319 verbose reify failed optional dependency /Users/mingqiii/Documents/coolProjects/DavidFuBetting/web/node_modules/@img/sharp-wasm32
320 silly reify mark deleted [
320 silly reify   '/Users/mingqiii/Documents/coolProjects/DavidFuBetting/web/node_modules/@img/sharp-wasm32'
320 silly reify ]
321 verbose reify failed optional dependency /Users/mingqiii/Documents/coolProjects/DavidFuBetting/web/node_modules/@img/sharp-linuxmusl-x64
322 silly reify mark deleted [
322 silly reify   '/Users/mingqiii/Documents/coolProjects/DavidFuBetting/web/node_modules/@img/sharp-linuxmusl-x64'
322 silly reify ]
323 verbose reify failed optional dependency /Users/mingqiii/Documents/coolProjects/DavidFuBetting/web/node_modules/@img/sharp-linuxmusl-arm64
324 silly reify mark deleted [
324 silly reify   '/Users/mingqiii/Documents/coolProjects/DavidFuBetting/web/node_modules/@img/sharp-linuxmusl-arm64'
324 silly reify ]
325 verbose reify failed optional dependency /Users/mingqiii/Documents/coolProjects/DavidFuBetting/web/node_modules/@img/sharp-linux-x64
326 silly reify mark deleted [
326 silly reify   '/Users/mingqiii/Documents/coolProjects/DavidFuBetting/web/node_modules/@img/sharp-linux-x64'
326 silly reify ]
327 verbose reify failed optional dependency /Users/mingqiii/Documents/coolProjects/DavidFuBetting/web/node_modules/@img/sharp-linux-s390x
328 silly reify mark deleted [
328 silly reify   '/Users/mingqiii/Documents/coolProjects/DavidFuBetting/web/node_modules/@img/sharp-linux-s390x'
328 silly reify ]
329 verbose reify failed optional dependency /Users/mingqiii/Documents/coolProjects/DavidFuBetting/web/node_modules/@img/sharp-linux-riscv64
330 silly reify mark deleted [
330 silly reify   '/Users/mingqiii/Documents/coolProjects/DavidFuBetting/web/node_modules/@img/sharp-linux-riscv64'
330 silly reify ]
331 verbose reify failed optional dependency /Users/mingqiii/Documents/coolProjects/DavidFuBetting/web/node_modules/@img/sharp-linux-ppc64
332 silly reify mark deleted [
332 silly reify   '/Users/mingqiii/Documents/coolProjects/DavidFuBetting/web/node_modules/@img/sharp-linux-ppc64'
332 silly reify ]
333 verbose reify failed optional dependency /Users/mingqiii/Documents/coolProjects/DavidFuBetting/web/node_modules/@img/sharp-linux-arm64
334 silly reify mark deleted [
334 silly reify   '/Users/mingqiii/Documents/coolProjects/DavidFuBetting/web/node_modules/@img/sharp-linux-arm64'
334 silly reify ]
335 verbose reify failed optional dependency /Users/mingqiii/Documents/coolProjects/DavidFuBetting/web/node_modules/@img/sharp-linux-arm
336 silly reify mark deleted [
336 silly reify   '/Users/mingqiii/Documents/coolProjects/DavidFuBetting/web/node_modules/@img/sharp-linux-arm'
336 silly reify ]
337 verbose reify failed optional dependency /Users/mingqiii/Documents/coolProjects/DavidFuBetting/web/node_modules/@img/sharp-libvips-linuxmusl-x64
338 silly reify mark deleted [
338 silly reify   '/Users/mingqiii/Documents/coolProjects/DavidFuBetting/web/node_modules/@img/sharp-libvips-linuxmusl-x64'
338 silly reify ]
339 verbose reify failed optional dependency /Users/mingqiii/Documents/coolProjects/DavidFuBetting/web/node_modules/@img/sharp-libvips-linuxmusl-arm64
340 silly reify mark deleted [
340 silly reify   '/Users/mingqiii/Documents/coolProjects/DavidFuBetting/web/node_modules/@img/sharp-libvips-linuxmusl-arm64'
340 silly reify ]
341 verbose reify failed optional dependency /Users/mingqiii/Documents/coolProjects/DavidFuBetting/web/node_modules/@img/sharp-libvips-linux-x64
342 silly reify mark deleted [
342 silly reify   '/Users/mingqiii/Documents/coolProjects/DavidFuBetting/web/node_modules/@img/sharp-libvips-linux-x64'
342 silly reify ]
343 verbose reify failed optional dependency /Users/mingqiii/Documents/coolProjects/DavidFuBetting/web/node_modules/@img/sharp-libvips-linux-s390x
344 silly reify mark deleted [
344 silly reify   '/Users/mingqiii/Documents/coolProjects/DavidFuBetting/web/node_modules/@img/sharp-libvips-linux-s390x'
344 silly reify ]
345 verbose reify failed optional dependency /Users/mingqiii/Documents/coolProjects/DavidFuBetting/web/node_modules/@img/sharp-libvips-linux-riscv64
346 silly reify mark deleted [
346 silly reify   '/Users/mingqiii/Documents/coolProjects/DavidFuBetting/web/node_modules/@img/sharp-libvips-linux-riscv64'
346 silly reify ]
347 verbose reify failed optional dependency /Users/mingqiii/Documents/coolProjects/DavidFuBetting/web/node_modules/@img/sharp-libvips-linux-ppc64
348 silly reify mark deleted [
348 silly reify   '/Users/mingqiii/Documents/coolProjects/DavidFuBetting/web/node_modules/@img/sharp-libvips-linux-ppc64'
348 silly reify ]
349 verbose reify failed optional dependency /Users/mingqiii/Documents/coolProjects/DavidFuBetting/web/node_modules/@img/sharp-libvips-linux-arm64
350 silly reify mark deleted [
350 silly reify   '/Users/mingqiii/Documents/coolProjects/DavidFuBetting/web/node_modules/@img/sharp-libvips-linux-arm64'
350 silly reify ]
351 verbose reify failed optional dependency /Users/mingqiii/Documents/coolProjects/DavidFuBetting/web/node_modules/@img/sharp-libvips-linux-arm
352 silly reify mark deleted [
352 silly reify   '/Users/mingqiii/Documents/coolProjects/DavidFuBetting/web/node_modules/@img/sharp-libvips-linux-arm'
352 silly reify ]
353 verbose reify failed optional dependency /Users/mingqiii/Documents/coolProjects/DavidFuBetting/web/node_modules/@img/sharp-libvips-darwin-x64
354 silly reify mark deleted [
354 silly reify   '/Users/mingqiii/Documents/coolProjects/DavidFuBetting/web/node_modules/@img/sharp-libvips-darwin-x64'
354 silly reify ]
355 verbose reify failed optional dependency /Users/mingqiii/Documents/coolProjects/DavidFuBetting/web/node_modules/@img/sharp-darwin-x64
356 silly reify mark deleted [
356 silly reify   '/Users/mingqiii/Documents/coolProjects/DavidFuBetting/web/node_modules/@img/sharp-darwin-x64'
356 silly reify ]
357 http cache safe-buffer@https://registry.npmjs.org/safe-buffer/-/safe-buffer-5.2.1.tgz 0ms (cache hit)
358 http cache string_decoder@https://registry.npmjs.org/string_decoder/-/string_decoder-1.3.0.tgz 0ms (cache hit)
359 http cache ieee754@https://registry.npmjs.org/ieee754/-/ieee754-1.2.1.tgz 0ms (cache hit)
360 http cache util-deprecate@https://registry.npmjs.org/util-deprecate/-/util-deprecate-1.0.2.tgz 0ms (cache hit)
361 http cache buffer@https://registry.npmjs.org/buffer/-/buffer-5.7.1.tgz 0ms (cache hit)
362 http cache inherits@https://registry.npmjs.org/inherits/-/inherits-2.0.4.tgz 0ms (cache hit)
363 http cache readable-stream@https://registry.npmjs.org/readable-stream/-/readable-stream-3.6.2.tgz 0ms (cache hit)
364 http cache fs-constants@https://registry.npmjs.org/fs-constants/-/fs-constants-1.0.0.tgz 0ms (cache hit)
365 http cache bl@https://registry.npmjs.org/bl/-/bl-4.1.0.tgz 0ms (cache hit)
366 http cache tar-stream@https://registry.npmjs.org/tar-stream/-/tar-stream-2.2.0.tgz 0ms (cache hit)
367 http cache chownr@https://registry.npmjs.org/chownr/-/chownr-1.1.4.tgz 0ms (cache hit)
368 http cache mimic-response@https://registry.npmjs.org/mimic-response/-/mimic-response-3.1.0.tgz 0ms (cache hit)
369 http cache simple-concat@https://registry.npmjs.org/simple-concat/-/simple-concat-1.0.1.tgz 0ms (cache hit)
370 http cache ini@https://registry.npmjs.org/ini/-/ini-1.3.8.tgz 0ms (cache hit)
371 http cache deep-extend@https://registry.npmjs.org/deep-extend/-/deep-extend-0.6.0.tgz 0ms (cache hit)
372 http cache wrappy@https://registry.npmjs.org/wrappy/-/wrappy-1.0.2.tgz 0ms (cache hit)
373 http cache once@https://registry.npmjs.org/once/-/once-1.4.0.tgz 0ms (cache hit)
374 http cache end-of-stream@https://registry.npmjs.org/end-of-stream/-/end-of-stream-1.4.5.tgz 0ms (cache hit)
375 http cache tar-fs@https://registry.npmjs.org/tar-fs/-/tar-fs-2.1.4.tgz 0ms (cache hit)
376 http cache base64-js@https://registry.npmjs.org/base64-js/-/base64-js-1.5.1.tgz 0ms (cache hit)
377 http cache simple-get@https://registry.npmjs.org/simple-get/-/simple-get-4.0.1.tgz 0ms (cache hit)
378 http cache tunnel-agent@https://registry.npmjs.org/tunnel-agent/-/tunnel-agent-0.6.0.tgz 0ms (cache hit)
379 http cache decompress-response@https://registry.npmjs.org/decompress-response/-/decompress-response-6.0.0.tgz 0ms (cache hit)
380 http cache node-abi@https://registry.npmjs.org/node-abi/-/node-abi-3.80.0.tgz 0ms (cache hit)
381 http cache napi-build-utils@https://registry.npmjs.org/napi-build-utils/-/napi-build-utils-2.0.0.tgz 0ms (cache hit)
382 http cache pump@https://registry.npmjs.org/pump/-/pump-3.0.3.tgz 0ms (cache hit)
383 http cache rc@https://registry.npmjs.org/rc/-/rc-1.2.8.tgz 0ms (cache hit)
384 http cache mkdirp-classic@https://registry.npmjs.org/mkdirp-classic/-/mkdirp-classic-0.5.3.tgz 0ms (cache hit)
385 http cache github-from-package@https://registry.npmjs.org/github-from-package/-/github-from-package-0.0.0.tgz 0ms (cache hit)
386 http cache prebuild-install@https://registry.npmjs.org/prebuild-install/-/prebuild-install-7.1.3.tgz 0ms (cache hit)
387 http cache bindings@https://registry.npmjs.org/bindings/-/bindings-1.5.0.tgz 0ms (cache hit)
388 http cache better-sqlite3@https://registry.npmjs.org/better-sqlite3/-/better-sqlite3-12.4.1.tgz 0ms (cache hit)
389 http cache strip-json-comments@https://registry.npmjs.org/strip-json-comments/-/strip-json-comments-2.0.1.tgz 0ms (cache hit)
390 http cache semver@https://registry.npmjs.org/semver/-/semver-7.7.3.tgz 0ms (cache hit)
391 http cache expand-template@https://registry.npmjs.org/expand-template/-/expand-template-2.0.3.tgz 0ms (cache hit)
392 http cache file-uri-to-path@https://registry.npmjs.org/file-uri-to-path/-/file-uri-to-path-1.0.0.tgz 0ms (cache hit)
393 silly tarball no local data for safe-buffer@https://registry.npmjs.org/safe-buffer/-/safe-buffer-5.2.1.tgz. Extracting by manifest.
394 silly tarball no local data for util-deprecate@https://registry.npmjs.org/util-deprecate/-/util-deprecate-1.0.2.tgz. Extracting by manifest.
395 silly tarball no local data for buffer@https://registry.npmjs.org/buffer/-/buffer-5.7.1.tgz. Extracting by manifest.
396 silly tarball no local data for string_decoder@https://registry.npmjs.org/string_decoder/-/string_decoder-1.3.0.tgz. Extracting by manifest.
397 silly tarball no local data for ieee754@https://registry.npmjs.org/ieee754/-/ieee754-1.2.1.tgz. Extracting by manifest.
398 silly tarball no local data for inherits@https://registry.npmjs.org/inherits/-/inherits-2.0.4.tgz. Extracting by manifest.
399 silly tarball no local data for readable-stream@https://registry.npmjs.org/readable-stream/-/readable-stream-3.6.2.tgz. Extracting by manifest.
400 silly tarball no local data for fs-constants@https://registry.npmjs.org/fs-constants/-/fs-constants-1.0.0.tgz. Extracting by manifest.
401 silly tarball no local data for tar-stream@https://registry.npmjs.org/tar-stream/-/tar-stream-2.2.0.tgz. Extracting by manifest.
402 silly tarball no local data for bl@https://registry.npmjs.org/bl/-/bl-4.1.0.tgz. Extracting by manifest.
403 silly tarball no local data for chownr@https://registry.npmjs.org/chownr/-/chownr-1.1.4.tgz. Extracting by manifest.
404 silly tarball no local data for mimic-response@https://registry.npmjs.org/mimic-response/-/mimic-response-3.1.0.tgz. Extracting by manifest.
405 silly tarball no local data for simple-concat@https://registry.npmjs.org/simple-concat/-/simple-concat-1.0.1.tgz. Extracting by manifest.
406 silly tarball no local data for ini@https://registry.npmjs.org/ini/-/ini-1.3.8.tgz. Extracting by manifest.
407 silly tarball no local data for deep-extend@https://registry.npmjs.org/deep-extend/-/deep-extend-0.6.0.tgz. Extracting by manifest.
408 silly tarball no local data for wrappy@https://registry.npmjs.org/wrappy/-/wrappy-1.0.2.tgz. Extracting by manifest.
409 silly tarball no local data for once@https://registry.npmjs.org/once/-/once-1.4.0.tgz. Extracting by manifest.
410 silly tarball no local data for base64-js@https://registry.npmjs.org/base64-js/-/base64-js-1.5.1.tgz. Extracting by manifest.
411 silly tarball no local data for end-of-stream@https://registry.npmjs.org/end-of-stream/-/end-of-stream-1.4.5.tgz. Extracting by manifest.
412 silly tarball no local data for tar-fs@https://registry.npmjs.org/tar-fs/-/tar-fs-2.1.4.tgz. Extracting by manifest.
413 silly tarball no local data for decompress-response@https://registry.npmjs.org/decompress-response/-/decompress-response-6.0.0.tgz. Extracting by manifest.
414 silly tarball no local data for simple-get@https://registry.npmjs.org/simple-get/-/simple-get-4.0.1.tgz. Extracting by manifest.
415 silly tarball no local data for tunnel-agent@https://registry.npmjs.org/tunnel-agent/-/tunnel-agent-0.6.0.tgz. Extracting by manifest.
416 silly tarball no local data for node-abi@https://registry.npmjs.org/node-abi/-/node-abi-3.80.0.tgz. Extracting by manifest.
417 silly tarball no local data for napi-build-utils@https://registry.npmjs.org/napi-build-utils/-/napi-build-utils-2.0.0.tgz. Extracting by manifest.
418 silly tarball no local data for rc@https://registry.npmjs.org/rc/-/rc-1.2.8.tgz. Extracting by manifest.
419 silly tarball no local data for mkdirp-classic@https://registry.npmjs.org/mkdirp-classic/-/mkdirp-classic-0.5.3.tgz. Extracting by manifest.
420 silly tarball no local data for pump@https://registry.npmjs.org/pump/-/pump-3.0.3.tgz. Extracting by manifest.
421 silly tarball no local data for prebuild-install@https://registry.npmjs.org/prebuild-install/-/prebuild-install-7.1.3.tgz. Extracting by manifest.
422 silly tarball no local data for github-from-package@https://registry.npmjs.org/github-from-package/-/github-from-package-0.0.0.tgz. Extracting by manifest.
423 silly tarball no local data for bindings@https://registry.npmjs.org/bindings/-/bindings-1.5.0.tgz. Extracting by manifest.
424 silly tarball no local data for better-sqlite3@https://registry.npmjs.org/better-sqlite3/-/better-sqlite3-12.4.1.tgz. Extracting by manifest.
425 silly tarball no local data for expand-template@https://registry.npmjs.org/expand-template/-/expand-template-2.0.3.tgz. Extracting by manifest.
426 silly tarball no local data for strip-json-comments@https://registry.npmjs.org/strip-json-comments/-/strip-json-comments-2.0.1.tgz. Extracting by manifest.
427 silly tarball no local data for file-uri-to-path@https://registry.npmjs.org/file-uri-to-path/-/file-uri-to-path-1.0.0.tgz. Extracting by manifest.
428 http fetch GET 200 https://registry.npmjs.org/util-deprecate/-/util-deprecate-1.0.2.tgz 59ms (cache miss)
429 http fetch GET 200 https://registry.npmjs.org/ieee754/-/ieee754-1.2.1.tgz 59ms (cache miss)
430 http fetch GET 200 https://registry.npmjs.org/string_decoder/-/string_decoder-1.3.0.tgz 59ms (cache miss)
431 http fetch GET 200 https://registry.npmjs.org/inherits/-/inherits-2.0.4.tgz 64ms (cache miss)
432 http fetch GET 200 https://registry.npmjs.org/buffer/-/buffer-5.7.1.tgz 65ms (cache miss)
433 http fetch GET 200 https://registry.npmjs.org/deep-extend/-/deep-extend-0.6.0.tgz 80ms (cache miss)
434 http fetch GET 200 https://registry.npmjs.org/safe-buffer/-/safe-buffer-5.2.1.tgz 85ms (cache miss)
435 http fetch GET 200 https://registry.npmjs.org/wrappy/-/wrappy-1.0.2.tgz 83ms (cache miss)
436 http fetch GET 200 https://registry.npmjs.org/bl/-/bl-4.1.0.tgz 93ms (cache miss)
437 http fetch GET 200 https://registry.npmjs.org/mimic-response/-/mimic-response-3.1.0.tgz 94ms (cache miss)
438 http fetch GET 200 https://registry.npmjs.org/base64-js/-/base64-js-1.5.1.tgz 102ms (cache miss)
439 http fetch GET 200 https://registry.npmjs.org/end-of-stream/-/end-of-stream-1.4.5.tgz 106ms (cache miss)
440 http fetch GET 200 https://registry.npmjs.org/fs-constants/-/fs-constants-1.0.0.tgz 108ms (cache miss)
441 http fetch GET 200 https://registry.npmjs.org/ini/-/ini-1.3.8.tgz 107ms (cache miss)
442 http fetch GET 200 https://registry.npmjs.org/once/-/once-1.4.0.tgz 110ms (cache miss)
443 http fetch GET 200 https://registry.npmjs.org/chownr/-/chownr-1.1.4.tgz 112ms (cache miss)
444 http fetch GET 200 https://registry.npmjs.org/simple-concat/-/simple-concat-1.0.1.tgz 112ms (cache miss)
445 http fetch GET 200 https://registry.npmjs.org/tar-stream/-/tar-stream-2.2.0.tgz 113ms (cache miss)
446 http fetch GET 200 https://registry.npmjs.org/readable-stream/-/readable-stream-3.6.2.tgz 120ms (cache miss)
447 http fetch GET 200 https://registry.npmjs.org/tar-fs/-/tar-fs-2.1.4.tgz 121ms (cache miss)
448 http fetch GET 200 https://registry.npmjs.org/simple-get/-/simple-get-4.0.1.tgz 125ms (cache miss)
449 http fetch GET 200 https://registry.npmjs.org/tunnel-agent/-/tunnel-agent-0.6.0.tgz 126ms (cache miss)
450 http fetch GET 200 https://registry.npmjs.org/decompress-response/-/decompress-response-6.0.0.tgz 132ms (cache miss)
451 http fetch POST 200 https://registry.npmjs.org/-/npm/v1/security/advisories/bulk 149ms
452 silly audit report {}
453 http fetch GET 200 https://registry.npmjs.org/napi-build-utils/-/napi-build-utils-2.0.0.tgz 133ms (cache miss)
454 http fetch GET 200 https://registry.npmjs.org/node-abi/-/node-abi-3.80.0.tgz 134ms (cache miss)
455 http fetch GET 200 https://registry.npmjs.org/mkdirp-classic/-/mkdirp-classic-0.5.3.tgz 140ms (cache miss)
456 http fetch GET 200 https://registry.npmjs.org/pump/-/pump-3.0.3.tgz 143ms (cache miss)
457 http fetch GET 200 https://registry.npmjs.org/rc/-/rc-1.2.8.tgz 143ms (cache miss)
458 http fetch GET 200 https://registry.npmjs.org/github-from-package/-/github-from-package-0.0.0.tgz 143ms (cache miss)
459 http fetch GET 200 https://registry.npmjs.org/prebuild-install/-/prebuild-install-7.1.3.tgz 145ms (cache miss)
460 http fetch GET 200 https://registry.npmjs.org/bindings/-/bindings-1.5.0.tgz 162ms (cache miss)
461 http fetch GET 200 https://registry.npmjs.org/strip-json-comments/-/strip-json-comments-2.0.1.tgz 162ms (cache miss)
462 http fetch GET 200 https://registry.npmjs.org/expand-template/-/expand-template-2.0.3.tgz 163ms (cache miss)
463 http fetch GET 200 https://registry.npmjs.org/file-uri-to-path/-/file-uri-to-path-1.0.0.tgz 169ms (cache miss)
464 http fetch GET 200 https://registry.npmjs.org/better-sqlite3/-/better-sqlite3-12.4.1.tgz 407ms (cache miss)
465 info run better-sqlite3@12.4.1 install node_modules/better-sqlite3 prebuild-install || node-gyp rebuild --release
466 info run better-sqlite3@12.4.1 install { code: 0, signal: null }
467 silly ADD node_modules/safe-buffer
468 silly ADD node_modules/util-deprecate
469 silly ADD node_modules/string_decoder
470 silly ADD node_modules/ieee754
471 silly ADD node_modules/base64-js
472 silly ADD node_modules/buffer
473 silly ADD node_modules/readable-stream
474 silly ADD node_modules/inherits
475 silly ADD node_modules/fs-constants
476 silly ADD node_modules/bl
477 silly ADD node_modules/tar-stream
478 silly ADD node_modules/chownr
479 silly ADD node_modules/mimic-response
480 silly ADD node_modules/simple-concat
481 silly ADD node_modules/decompress-response
482 silly ADD node_modules/ini
483 silly ADD node_modules/deep-extend
484 silly ADD node_modules/wrappy
485 silly ADD node_modules/once
486 silly ADD node_modules/end-of-stream
487 silly ADD node_modules/tunnel-agent
488 silly ADD node_modules/tar-fs
489 silly ADD node_modules/simple-get
490 silly ADD node_modules/rc
491 silly ADD node_modules/rc/node_modules/strip-json-comments
492 silly ADD node_modules/pump
493 silly ADD node_modules/node-abi
494 silly ADD node_modules/node-abi/node_modules/semver
495 silly ADD node_modules/napi-build-utils
496 silly ADD node_modules/mkdirp-classic
497 silly ADD node_modules/github-from-package
498 silly ADD node_modules/expand-template
499 silly ADD node_modules/file-uri-to-path
500 silly ADD node_modules/prebuild-install
501 silly ADD node_modules/bindings
502 silly ADD node_modules/better-sqlite3
503 silly ADD
504 silly ADD
505 silly ADD
506 silly ADD
507 silly ADD
508 silly ADD
509 silly ADD
510 silly ADD
511 silly ADD
512 silly ADD
513 silly ADD
514 silly ADD
515 silly ADD
516 silly ADD
517 silly ADD
518 silly ADD
519 silly ADD
520 silly ADD
521 silly ADD
522 silly ADD
523 silly ADD
524 silly ADD
525 silly ADD
526 silly ADD
527 silly ADD
528 silly ADD
529 silly ADD
530 silly ADD
531 silly ADD
532 silly ADD
533 silly ADD
534 silly ADD
535 silly ADD
536 silly ADD
537 silly ADD
538 silly ADD
539 silly ADD
540 silly ADD
541 silly ADD
542 silly ADD
543 silly ADD
544 silly ADD
545 silly ADD
546 silly ADD
547 silly ADD
548 silly ADD
549 silly ADD
550 silly ADD
551 silly ADD
552 silly ADD
553 silly ADD
554 silly ADD
555 silly ADD
556 silly ADD
557 silly ADD
558 silly ADD
559 silly ADD
560 silly ADD
561 silly ADD
562 silly ADD
563 silly ADD
564 silly ADD
565 silly ADD
566 silly ADD
567 silly ADD
568 silly ADD
569 silly ADD
570 silly ADD
571 verbose cwd /Users/mingqiii/Documents/coolProjects/DavidFuBetting/web
572 verbose os Darwin 23.5.0
573 verbose node v23.6.0
574 verbose npm  v10.9.2
575 verbose exit 0
576 info ok
